2025-05-14 15:42:06,272 INFO: Tournament scheduler startup [in D:\python project\math_tur\app.py:35]
2025-05-14 15:42:08,191 INFO: Очистка всех задач планировщика [in D:\python project\math_tur\app.py:1651]
2025-05-14 15:42:08,191 INFO: Все задачи успешно удалены [in D:\python project\math_tur\app.py:1654]
2025-05-14 15:42:08,191 INFO: ================================================== [in D:\python project\math_tur\app.py:1604]
2025-05-14 15:42:08,192 INFO: Начало восстановления задач планировщика [in D:\python project\math_tur\app.py:1605]
2025-05-14 15:42:08,193 INFO: Текущее время сервера: 2025-05-14 15:42:08.193684 [in D:\python project\math_tur\app.py:1606]
2025-05-14 15:42:08,197 INFO: Найдено активных турниров: 0 [in D:\python project\math_tur\app.py:1610]
2025-05-14 15:42:08,197 INFO: 
Восстановление задач завершено [in D:\python project\math_tur\app.py:1645]
2025-05-14 15:42:08,198 INFO: Всего восстановлено задач: 0 [in D:\python project\math_tur\app.py:1646]
2025-05-14 15:42:08,198 INFO: ================================================== [in D:\python project\math_tur\app.py:1647]
2025-05-14 15:42:09,039 INFO: Tournament scheduler startup [in D:\python project\math_tur\app.py:35]
2025-05-14 15:42:09,181 INFO: Очистка всех задач планировщика [in D:\python project\math_tur\app.py:1651]
2025-05-14 15:42:09,181 INFO: Все задачи успешно удалены [in D:\python project\math_tur\app.py:1654]
2025-05-14 15:42:09,182 INFO: ================================================== [in D:\python project\math_tur\app.py:1604]
2025-05-14 15:42:09,182 INFO: Начало восстановления задач планировщика [in D:\python project\math_tur\app.py:1605]
2025-05-14 15:42:09,183 INFO: Текущее время сервера: 2025-05-14 15:42:09.183427 [in D:\python project\math_tur\app.py:1606]
2025-05-14 15:42:09,187 INFO: Найдено активных турниров: 0 [in D:\python project\math_tur\app.py:1610]
2025-05-14 15:42:09,187 INFO: 
Восстановление задач завершено [in D:\python project\math_tur\app.py:1645]
2025-05-14 15:42:09,188 INFO: Всего восстановлено задач: 0 [in D:\python project\math_tur\app.py:1646]
2025-05-14 15:42:09,188 INFO: ================================================== [in D:\python project\math_tur\app.py:1647]
2025-05-14 15:48:14,012 INFO: Tournament scheduler startup [in D:\python project\math_tur\app.py:35]
2025-05-14 15:48:14,127 INFO: Очистка всех задач планировщика [in D:\python project\math_tur\app.py:1651]
2025-05-14 15:48:14,128 INFO: Все задачи успешно удалены [in D:\python project\math_tur\app.py:1654]
2025-05-14 15:48:14,128 INFO: ================================================== [in D:\python project\math_tur\app.py:1604]
2025-05-14 15:48:14,128 INFO: Начало восстановления задач планировщика [in D:\python project\math_tur\app.py:1605]
2025-05-14 15:48:14,129 INFO: Текущее время сервера: 2025-05-14 15:48:14.129789 [in D:\python project\math_tur\app.py:1606]
2025-05-14 15:48:14,131 INFO: Найдено активных турниров: 0 [in D:\python project\math_tur\app.py:1610]
2025-05-14 15:48:14,131 INFO: 
Восстановление задач завершено [in D:\python project\math_tur\app.py:1645]
2025-05-14 15:48:14,132 INFO: Всего восстановлено задач: 0 [in D:\python project\math_tur\app.py:1646]
2025-05-14 15:48:14,132 INFO: ================================================== [in D:\python project\math_tur\app.py:1647]
2025-05-14 15:48:14,896 INFO: Tournament scheduler startup [in D:\python project\math_tur\app.py:35]
2025-05-14 15:48:15,014 INFO: Очистка всех задач планировщика [in D:\python project\math_tur\app.py:1651]
2025-05-14 15:48:15,014 INFO: Все задачи успешно удалены [in D:\python project\math_tur\app.py:1654]
2025-05-14 15:48:15,014 INFO: ================================================== [in D:\python project\math_tur\app.py:1604]
2025-05-14 15:48:15,014 INFO: Начало восстановления задач планировщика [in D:\python project\math_tur\app.py:1605]
2025-05-14 15:48:15,015 INFO: Текущее время сервера: 2025-05-14 15:48:15.015599 [in D:\python project\math_tur\app.py:1606]
2025-05-14 15:48:15,017 INFO: Найдено активных турниров: 0 [in D:\python project\math_tur\app.py:1610]
2025-05-14 15:48:15,018 INFO: 
Восстановление задач завершено [in D:\python project\math_tur\app.py:1645]
2025-05-14 15:48:15,018 INFO: Всего восстановлено задач: 0 [in D:\python project\math_tur\app.py:1646]
2025-05-14 15:48:15,018 INFO: ================================================== [in D:\python project\math_tur\app.py:1647]
2025-05-14 16:16:03,969 INFO: Tournament scheduler startup [in D:\python project\math_tur\app.py:35]
2025-05-14 16:16:04,079 INFO: Очистка всех задач планировщика [in D:\python project\math_tur\app.py:1651]
2025-05-14 16:16:04,080 INFO: Все задачи успешно удалены [in D:\python project\math_tur\app.py:1654]
2025-05-14 16:16:04,080 INFO: ================================================== [in D:\python project\math_tur\app.py:1604]
2025-05-14 16:16:04,081 INFO: Начало восстановления задач планировщика [in D:\python project\math_tur\app.py:1605]
2025-05-14 16:16:04,082 INFO: Текущее время сервера: 2025-05-14 16:16:04.082750 [in D:\python project\math_tur\app.py:1606]
2025-05-14 16:16:04,084 INFO: Найдено активных турниров: 0 [in D:\python project\math_tur\app.py:1610]
2025-05-14 16:16:04,084 INFO: 
Восстановление задач завершено [in D:\python project\math_tur\app.py:1645]
2025-05-14 16:16:04,085 INFO: Всего восстановлено задач: 0 [in D:\python project\math_tur\app.py:1646]
2025-05-14 16:16:04,085 INFO: ================================================== [in D:\python project\math_tur\app.py:1647]
2025-05-14 16:18:04,149 INFO: Tournament scheduler startup [in D:\python project\math_tur\app.py:35]
2025-05-14 16:18:04,384 INFO: Очистка всех задач планировщика [in D:\python project\math_tur\app.py:1651]
2025-05-14 16:18:04,384 INFO: Все задачи успешно удалены [in D:\python project\math_tur\app.py:1654]
2025-05-14 16:18:04,385 INFO: ================================================== [in D:\python project\math_tur\app.py:1604]
2025-05-14 16:18:04,385 INFO: Начало восстановления задач планировщика [in D:\python project\math_tur\app.py:1605]
2025-05-14 16:18:04,386 INFO: Текущее время сервера: 2025-05-14 16:18:04.386080 [in D:\python project\math_tur\app.py:1606]
2025-05-14 16:18:04,388 INFO: Найдено активных турниров: 0 [in D:\python project\math_tur\app.py:1610]
2025-05-14 16:18:04,389 INFO: 
Восстановление задач завершено [in D:\python project\math_tur\app.py:1645]
2025-05-14 16:18:04,389 INFO: Всего восстановлено задач: 0 [in D:\python project\math_tur\app.py:1646]
2025-05-14 16:18:04,389 INFO: ================================================== [in D:\python project\math_tur\app.py:1647]
2025-05-14 16:26:02,578 INFO: Tournament scheduler startup [in D:\python project\math_tur\app.py:35]
2025-05-14 16:26:02,691 INFO: Очистка всех задач планировщика [in D:\python project\math_tur\app.py:1651]
2025-05-14 16:26:02,691 INFO: Все задачи успешно удалены [in D:\python project\math_tur\app.py:1654]
2025-05-14 16:26:02,691 INFO: ================================================== [in D:\python project\math_tur\app.py:1604]
2025-05-14 16:26:02,691 INFO: Начало восстановления задач планировщика [in D:\python project\math_tur\app.py:1605]
2025-05-14 16:26:02,692 INFO: Текущее время сервера: 2025-05-14 16:26:02.692447 [in D:\python project\math_tur\app.py:1606]
2025-05-14 16:26:02,694 INFO: Найдено активных турниров: 0 [in D:\python project\math_tur\app.py:1610]
2025-05-14 16:26:02,695 INFO: 
Восстановление задач завершено [in D:\python project\math_tur\app.py:1645]
2025-05-14 16:26:02,695 INFO: Всего восстановлено задач: 0 [in D:\python project\math_tur\app.py:1646]
2025-05-14 16:26:02,695 INFO: ================================================== [in D:\python project\math_tur\app.py:1647]
2025-05-14 16:26:03,338 INFO: Tournament scheduler startup [in D:\python project\math_tur\app.py:35]
2025-05-14 16:26:03,457 INFO: Очистка всех задач планировщика [in D:\python project\math_tur\app.py:1651]
2025-05-14 16:26:03,457 INFO: Все задачи успешно удалены [in D:\python project\math_tur\app.py:1654]
2025-05-14 16:26:03,457 INFO: ================================================== [in D:\python project\math_tur\app.py:1604]
2025-05-14 16:26:03,458 INFO: Начало восстановления задач планировщика [in D:\python project\math_tur\app.py:1605]
2025-05-14 16:26:03,459 INFO: Текущее время сервера: 2025-05-14 16:26:03.459611 [in D:\python project\math_tur\app.py:1606]
2025-05-14 16:26:03,461 INFO: Найдено активных турниров: 0 [in D:\python project\math_tur\app.py:1610]
2025-05-14 16:26:03,461 INFO: 
Восстановление задач завершено [in D:\python project\math_tur\app.py:1645]
2025-05-14 16:26:03,461 INFO: Всего восстановлено задач: 0 [in D:\python project\math_tur\app.py:1646]
2025-05-14 16:26:03,461 INFO: ================================================== [in D:\python project\math_tur\app.py:1647]
2025-05-14 16:28:31,630 INFO: Tournament scheduler startup [in D:\python project\math_tur\app.py:35]
2025-05-14 16:28:31,742 INFO: Очистка всех задач планировщика [in D:\python project\math_tur\app.py:1674]
2025-05-14 16:28:31,742 INFO: Все задачи успешно удалены [in D:\python project\math_tur\app.py:1677]
2025-05-14 16:28:31,742 INFO: ================================================== [in D:\python project\math_tur\app.py:1627]
2025-05-14 16:28:31,743 INFO: Начало восстановления задач планировщика [in D:\python project\math_tur\app.py:1628]
2025-05-14 16:28:31,744 INFO: Текущее время сервера: 2025-05-14 16:28:31.744477 [in D:\python project\math_tur\app.py:1629]
2025-05-14 16:28:31,746 INFO: Найдено активных турниров: 0 [in D:\python project\math_tur\app.py:1633]
2025-05-14 16:28:31,746 INFO: 
Восстановление задач завершено [in D:\python project\math_tur\app.py:1668]
2025-05-14 16:28:31,746 INFO: Всего восстановлено задач: 0 [in D:\python project\math_tur\app.py:1669]
2025-05-14 16:28:31,746 INFO: ================================================== [in D:\python project\math_tur\app.py:1670]
2025-05-14 16:28:33,630 INFO: Tournament scheduler startup [in D:\python project\math_tur\app.py:35]
